OK  PF00145 -> DNA_methylase
OK  PF12047 -> DNMT1-RFD
OK  PF02008 -> zf-CXXC
OK  PF01429 -> MBD
OK  PF12851 -> Tet_JBP
OK  PF00125 -> Histone
OK  PF00538 -> Linker_histone
OK  PF00856 -> SET
OK  PF05033 -> Pre-SET
OK  PF01853 -> MOZ_SAS
OK  PF00583 -> Acetyltransf_1
OK  PF08214 -> HAT_KAT11
OK  PF00850 -> Hist_deacetyl
OK  PF02146 -> SIR2
OK  PF02373 -> JmjC
OK  PF02375 -> JmjN
OK  PF01593 -> Amino_oxidase
OK  PF00628 -> PHD
OK  PF00439 -> Bromodomain
FAIL PF00385 (http 000)
OK  PF00855 -> PWWP
OK  PF00567 -> TUDOR
OK  PF01426 -> BAH
OK  PF00176 -> SNF2-rel_dom
OK  PF02463 -> SMC_N
OK  PF04825 -> Rad21_Rec8_N
